<?xml version="1.0" encoding="UTF-8"?>
<!-- Generated by org.testng.reporters.JUnitReportReporter -->
<testsuite hostname="DESKTOP-PBL24PS" failures="0" tests="1" name="FirstTest" time="10.973" errors="0" timestamp="2021-04-22T17:46:28 IST" skipped="0">
  <testcase classname="FirstTest" name="testWileyGlobalAssignment" time="10.973"/>
  <system-out/>
</testsuite> <!-- FirstTest -->
