<?xml version="1.0" encoding="UTF-8"?>
<!-- Generated by org.testng.reporters.JUnitReportReporter -->
<testsuite hostname="DESKTOP-PBL24PS" failures="0" tests="1" name="Tests.HomePageTest" time="6.646" errors="0" timestamp="2021-04-22T19:50:16 IST" skipped="0">
  <testcase classname="Tests.HomePageTest" name="clickOnBookstore" time="6.646"/>
  <system-out>
Opening the browser MAXIMIZING THE WINDOW scrolling down CLICK ON THE BOOKSTOREAPPLICATION PAGE  </system-out>
</testsuite> <!-- Tests.HomePageTest -->
